build/app/intermediates/manifest_merge_blame_file/release/manifest-merger-blame-release-report.txt
1<?xml version="1.0" encoding="utf-8"?>
2<manifest xmlns:android="http://schemas.android.com/apk/res/android"
3    package="com.example.todo_list"
4    android:versionCode="1"
5    android:versionName="1.0.0" >
6
7    <uses-sdk
8        android:minSdkVersion="16"
8-->src\main\AndroidManifest.xml
9        android:targetSdkVersion="30" />
9-->src\main\AndroidManifest.xml
10
11    <uses-permission android:name="android.permission.RECEIVE_BOOT_COMPLETED" />
11-->[:flutter_local_notifications] AndroidManifest.xml:7:5-81
11-->[:flutter_local_notifications] AndroidManifest.xml:7:22-78
12    <uses-permission android:name="android.permission.VIBRATE" />
12-->[:flutter_local_notifications] AndroidManifest.xml:8:5-66
12-->[:flutter_local_notifications] AndroidManifest.xml:8:22-63
13    <uses-permission android:name="android.permission.USE_FULL_SCREEN_INTENT" />
13-->[:flutter_local_notifications] AndroidManifest.xml:9:5-81
13-->[:flutter_local_notifications] AndroidManifest.xml:9:22-78
14    <uses-permission android:name="android.permission.SCHEDULE_EXACT_ALARM" />
14-->[:flutter_local_notifications] AndroidManifest.xml:10:5-79
14-->[:flutter_local_notifications] AndroidManifest.xml:10:22-76
15
16    <application
16-->src\main\AndroidManifest.xml:3:4-43:19
17        android:appComponentFactory="androidx.core.app.CoreComponentFactory"
17-->[androidx.core:core:1.6.0] AndroidManifest.xml:24:18-86
18        android:icon="@mipmap/ic_launcher"
18-->src\main\AndroidManifest.xml:5:9-43
19        android:label="todo_list" >
19-->src\main\AndroidManifest.xml:4:9-34
20        <activity
20-->src\main\AndroidManifest.xml:6:9-37:20
21            android:name="com.example.todo_list.MainActivity"
21-->src\main\AndroidManifest.xml:7:13-41
22            android:configChanges="orientation|keyboardHidden|keyboard|screenSize|smallestScreenSize|locale|layoutDirection|fontScale|screenLayout|density|uiMode"
22-->src\main\AndroidManifest.xml:10:13-163
23            android:hardwareAccelerated="true"
23-->src\main\AndroidManifest.xml:11:13-47
24            android:launchMode="singleTop"
24-->src\main\AndroidManifest.xml:8:13-43
25            android:showWhenLocked="true"
25-->src\main\AndroidManifest.xml:13:13-42
26            android:theme="@style/LaunchTheme"
26-->src\main\AndroidManifest.xml:9:13-47
27            android:turnScreenOn="true"
27-->src\main\AndroidManifest.xml:14:13-40
28            android:windowSoftInputMode="adjustResize" >
28-->src\main\AndroidManifest.xml:12:13-55
29
30            <!--
31                 Specifies an Android theme to apply to this Activity as soon as
32                 the Android process has started. This theme is visible to the user
33                 while the Flutter UI initializes. After that, this theme continues
34                 to determine the Window background behind the Flutter UI.
35            -->
36            <meta-data
36-->src\main\AndroidManifest.xml:20:13-23:17
37                android:name="io.flutter.embedding.android.NormalTheme"
37-->src\main\AndroidManifest.xml:21:15-70
38                android:resource="@style/NormalTheme" />
38-->src\main\AndroidManifest.xml:22:15-52
39            <!--
40                 Displays an Android View that continues showing the launch screen
41                 Drawable until Flutter paints its first frame, then this splash
42                 screen fades out. A splash screen is useful to avoid any visual
43                 gap between the end of Android's launch screen and the painting of
44                 Flutter's first frame.
45            -->
46            <meta-data
46-->src\main\AndroidManifest.xml:29:13-32:17
47                android:name="io.flutter.embedding.android.SplashScreenDrawable"
47-->src\main\AndroidManifest.xml:30:15-79
48                android:resource="@drawable/launch_background" />
48-->src\main\AndroidManifest.xml:31:15-61
49
50            <intent-filter>
50-->src\main\AndroidManifest.xml:33:13-36:29
51                <action android:name="android.intent.action.MAIN" />
51-->src\main\AndroidManifest.xml:34:17-68
51-->src\main\AndroidManifest.xml:34:25-66
52
53                <category android:name="android.intent.category.LAUNCHER" />
53-->src\main\AndroidManifest.xml:35:17-76
53-->src\main\AndroidManifest.xml:35:27-74
54            </intent-filter>
55        </activity>
56        <!--
57             Don't delete the meta-data below.
58             This is used by the Flutter tool to generate GeneratedPluginRegistrant.java
59        -->
60        <meta-data
60-->src\main\AndroidManifest.xml:40:9-42:33
61            android:name="flutterEmbedding"
61-->src\main\AndroidManifest.xml:41:13-44
62            android:value="2" />
62-->src\main\AndroidManifest.xml:42:13-30
63
64        <receiver
64-->[:flutter_local_notifications] AndroidManifest.xml:13:9-15:40
65            android:name="com.dexterous.flutterlocalnotifications.ScheduledNotificationReceiver"
65-->[:flutter_local_notifications] AndroidManifest.xml:14:13-97
66            android:exported="false" />
66-->[:flutter_local_notifications] AndroidManifest.xml:15:13-37
67        <receiver
67-->[:flutter_local_notifications] AndroidManifest.xml:16:9-25:20
68            android:name="com.dexterous.flutterlocalnotifications.ScheduledNotificationBootReceiver"
68-->[:flutter_local_notifications] AndroidManifest.xml:17:13-101
69            android:exported="false" >
69-->[:flutter_local_notifications] AndroidManifest.xml:18:13-37
70            <intent-filter>
70-->[:flutter_local_notifications] AndroidManifest.xml:19:13-24:29
71                <action android:name="android.intent.action.BOOT_COMPLETED" />
71-->[:flutter_local_notifications] AndroidManifest.xml:20:17-79
71-->[:flutter_local_notifications] AndroidManifest.xml:20:25-76
72                <action android:name="android.intent.action.MY_PACKAGE_REPLACED" />
72-->[:flutter_local_notifications] AndroidManifest.xml:21:17-84
72-->[:flutter_local_notifications] AndroidManifest.xml:21:25-81
73                <action android:name="android.intent.action.QUICKBOOT_POWERON" />
73-->[:flutter_local_notifications] AndroidManifest.xml:22:17-82
73-->[:flutter_local_notifications] AndroidManifest.xml:22:25-79
74                <action android:name="com.htc.intent.action.QUICKBOOT_POWERON" />
74-->[:flutter_local_notifications] AndroidManifest.xml:23:17-82
74-->[:flutter_local_notifications] AndroidManifest.xml:23:25-79
75            </intent-filter>
76        </receiver>
77
78        <uses-library
78-->[androidx.window:window:1.0.0-beta04] AndroidManifest.xml:25:9-27:40
79            android:name="androidx.window.extensions"
79-->[androidx.window:window:1.0.0-beta04] AndroidManifest.xml:26:13-54
80            android:required="false" />
80-->[androidx.window:window:1.0.0-beta04] AndroidManifest.xml:27:13-37
81        <uses-library
81-->[androidx.window:window:1.0.0-beta04] AndroidManifest.xml:28:9-30:40
82            android:name="androidx.window.sidecar"
82-->[androidx.window:window:1.0.0-beta04] AndroidManifest.xml:29:13-51
83            android:required="false" />
83-->[androidx.window:window:1.0.0-beta04] AndroidManifest.xml:30:13-37
84    </application>
85
86</manifest>